Drill report for /home/sjm/kicad/dual-pwr/dual-pwr.kicad_pcb
Created on Sun 08 Apr 2018 03:34:55 PM EEST

Copper Layer Stackup:
    =============================================================
    L1 :  F.Cu                      front
    L2 :  B.Cu                      back


Drill file 'dual-pwr.drl' contains
    plated through holes:
    =============================================================
    T1  0.50mm  0.020"  (32 holes)
    T2  0.60mm  0.024"  (3 holes)
    T3  0.80mm  0.031"  (24 holes)
    T4  1.00mm  0.039"  (10 holes)
    T5  1.10mm  0.043"  (4 holes)
    T6  1.20mm  0.047"  (7 holes)
    T7  1.35mm  0.053"  (8 holes)
    T8  3.20mm  0.126"  (4 holes)

    Total plated holes count 92


Not plated through holes are merged with plated holes
    unplated through holes:
    =============================================================

    Total unplated holes count 0
